{
  "stats": {
    "suites": 1,
    "tests": 1,
    "passes": 1,
    "pending": 0,
    "failures": 0,
    "start": "2023-06-25T14:15:08.575Z",
    "end": "2023-06-25T14:15:16.945Z",
    "duration": 8370,
    "testsRegistered": 1,
    "passPercent": 100,
    "pendingPercent": 0,
    "other": 0,
    "hasOther": false,
    "skipped": 0,
    "hasSkipped": false
  },
  "results": [
    {
      "uuid": "e35bca43-cba0-410b-a50f-a73cb9524559",
      "title": "",
      "fullFile": "cypress/integration/interceptTest.spec.js",
      "file": "cypress/integration/interceptTest.spec.js",
      "beforeHooks": [],
      "afterHooks": [],
      "tests": [],
      "suites": [
        {
          "uuid": "35116da5-6bec-4f5d-8727-4cbcdb8080ab",
          "title": "Product Search",
          "fullFile": "",
          "file": "",
          "beforeHooks": [],
          "afterHooks": [],
          "tests": [
            {
              "title": "autocomplete product item should be return correctly",
              "fullTitle": "Product Search autocomplete product item should be return correctly",
              "timedOut": null,
              "duration": 8204,
              "state": "passed",
              "speed": "medium",
              "pass": true,
              "fail": false,
              "pending": false,
              "context": null,
              "code": "_pages.homePage.searchMagnifier();\n_pages.productSearchPage.search('Jacket');\n_pages.productSearchPage.productList.first().should('have.attr', 'title', 'Ingrid Running Jacket');",
              "err": {},
              "uuid": "7f7ee5c9-25d5-499f-a8fc-bb6999f51797",
              "parentUUID": "35116da5-6bec-4f5d-8727-4cbcdb8080ab",
              "isHook": false,
              "skipped": false
            }
          ],
          "suites": [],
          "passes": [
            "7f7ee5c9-25d5-499f-a8fc-bb6999f51797"
          ],
          "failures": [],
          "pending": [],
          "skipped": [],
          "duration": 8204,
          "root": false,
          "rootEmpty": false,
          "_timeout": 2000
        }
      ],
      "passes": [],
      "failures": [],
      "pending": [],
      "skipped": [],
      "duration": 0,
      "root": true,
      "rootEmpty": true,
      "_timeout": 2000
    }
  ],
  "meta": {
    "mocha": {
      "version": "7.0.1"
    },
    "mochawesome": {
      "options": {
        "quiet": false,
        "reportFilename": "mochawesome",
        "saveHtml": false,
        "saveJson": true,
        "consoleReporter": "spec",
        "useInlineDiffs": false,
        "code": true
      },
      "version": "7.1.3"
    },
    "marge": {
      "options": {
        "reportDir": "cypress/results",
        "overwrite": false,
        "html": false,
        "json": true
      },
      "version": "6.2.0"
    }
  }
}