{
  "stats": {
    "suites": 1,
    "tests": 1,
    "passes": 1,
    "pending": 0,
    "failures": 0,
    "start": "2023-06-25T14:15:22.581Z",
    "end": "2023-06-25T14:15:41.611Z",
    "duration": 19030,
    "testsRegistered": 1,
    "passPercent": 100,
    "pendingPercent": 0,
    "other": 0,
    "hasOther": false,
    "skipped": 0,
    "hasSkipped": false
  },
  "results": [
    {
      "uuid": "d4983203-f88f-4d94-850b-457b1dda05f3",
      "title": "",
      "fullFile": "cypress/integration/removerCarrinho.spec.js",
      "file": "cypress/integration/removerCarrinho.spec.js",
      "beforeHooks": [],
      "afterHooks": [],
      "tests": [],
      "suites": [
        {
          "uuid": "e728f8ad-19de-4ea3-9163-d73c1b8a6dcc",
          "title": "Product Search",
          "fullFile": "",
          "file": "",
          "beforeHooks": [],
          "afterHooks": [],
          "tests": [
            {
              "title": "excluir produto do carrinho",
              "fullTitle": "Product Search excluir produto do carrinho",
              "timedOut": null,
              "duration": 18918,
              "state": "passed",
              "speed": "slow",
              "pass": true,
              "fail": false,
              "pending": false,
              "context": null,
              "code": "_cartPage.default.productadd(); //cy.get('.dropdown-toggle > .mini-cart-items').contains(1)\n\n_cartremove.default.productexcl();",
              "err": {},
              "uuid": "f062e6bd-61c4-4be4-87ee-9957808c3e54",
              "parentUUID": "e728f8ad-19de-4ea3-9163-d73c1b8a6dcc",
              "isHook": false,
              "skipped": false
            }
          ],
          "suites": [],
          "passes": [
            "f062e6bd-61c4-4be4-87ee-9957808c3e54"
          ],
          "failures": [],
          "pending": [],
          "skipped": [],
          "duration": 18918,
          "root": false,
          "rootEmpty": false,
          "_timeout": 2000
        }
      ],
      "passes": [],
      "failures": [],
      "pending": [],
      "skipped": [],
      "duration": 0,
      "root": true,
      "rootEmpty": true,
      "_timeout": 2000
    }
  ],
  "meta": {
    "mocha": {
      "version": "7.0.1"
    },
    "mochawesome": {
      "options": {
        "quiet": false,
        "reportFilename": "mochawesome",
        "saveHtml": false,
        "saveJson": true,
        "consoleReporter": "spec",
        "useInlineDiffs": false,
        "code": true
      },
      "version": "7.1.3"
    },
    "marge": {
      "options": {
        "reportDir": "cypress/results",
        "overwrite": false,
        "html": false,
        "json": true
      },
      "version": "6.2.0"
    }
  }
}