{
  "stats": {
    "suites": 1,
    "tests": 1,
    "passes": 0,
    "pending": 0,
    "failures": 1,
    "start": "2023-06-25T14:14:32.745Z",
    "end": "2023-06-25T14:14:43.677Z",
    "duration": 10932,
    "testsRegistered": 1,
    "passPercent": 0,
    "pendingPercent": 0,
    "other": 0,
    "hasOther": false,
    "skipped": 0,
    "hasSkipped": false
  },
  "results": [
    {
      "uuid": "0ed39dd6-71d9-467b-a87e-9f549d04c44d",
      "title": "",
      "fullFile": "cypress/integration/atualizarCarrinho.spec.js",
      "file": "cypress/integration/atualizarCarrinho.spec.js",
      "beforeHooks": [],
      "afterHooks": [],
      "tests": [],
      "suites": [
        {
          "uuid": "0d63abd4-83f2-4487-8e05-d1f61a27563a",
          "title": "Product atualizar",
          "fullFile": "",
          "file": "",
          "beforeHooks": [],
          "afterHooks": [],
          "tests": [
            {
              "title": "atualizar carrinho",
              "fullTitle": "Product atualizar atualizar carrinho",
              "timedOut": null,
              "duration": 10646,
              "state": "failed",
              "speed": null,
              "pass": false,
              "fail": true,
              "pending": false,
              "context": null,
              "code": "_cartPage.default.productadd();\n_atualizarPage.default.productatual();",
              "err": {
                "message": "CypressError: Timed out retrying after 4050ms: `cy.click()` failed because this element is not visible:\n\n`<a class=\"product-name\" href=\"http://lojaebac.ebaconline.art.br/product/circe-hooded-ice-fleece/?attribute_size=S&amp;attribute_color=Purple\">Circe H...</a>`\n\nThis element `<a.product-name>` is not visible because its parent `<div.topbar-mobile.hidden-lg.hidden-md.hidden-xxs.container.clearfix>` has CSS property: `display: none`\n\nFix this problem, or use `{force: true}` to disable error checking.\n\nhttps://on.cypress.io/element-cannot-be-interacted-with",
                "estack": "CypressError: Timed out retrying after 4050ms: `cy.click()` failed because this element is not visible:\n\n`<a class=\"product-name\" href=\"http://lojaebac.ebaconline.art.br/product/circe-hooded-ice-fleece/?attribute_size=S&amp;attribute_color=Purple\">Circe H...</a>`\n\nThis element `<a.product-name>` is not visible because its parent `<div.topbar-mobile.hidden-lg.hidden-md.hidden-xxs.container.clearfix>` has CSS property: `display: none`\n\nFix this problem, or use `{force: true}` to disable error checking.\n\nhttps://on.cypress.io/element-cannot-be-interacted-with\n    at $Cy.ensureVisibility (http://lojaebac.ebaconline.art.br/__cypress/runner/cypress_runner.js:160572:85)\n    at runAllChecks (http://lojaebac.ebaconline.art.br/__cypress/runner/cypress_runner.js:147847:14)\n    at retryActionability (http://lojaebac.ebaconline.art.br/__cypress/runner/cypress_runner.js:147901:16)\n    at tryCatcher (http://lojaebac.ebaconline.art.br/__cypress/runner/cypress_runner.js:13212:23)\n    at Function.Promise.attempt.Promise.try (http://lojaebac.ebaconline.art.br/__cypress/runner/cypress_runner.js:10486:29)\n    at tryFn (http://lojaebac.ebaconline.art.br/__cypress/runner/cypress_runner.js:165383:61)\n    at whenStable (http://lojaebac.ebaconline.art.br/__cypress/runner/cypress_runner.js:165422:14)\n    at http://lojaebac.ebaconline.art.br/__cypress/runner/cypress_runner.js:164909:18\n    at tryCatcher (http://lojaebac.ebaconline.art.br/__cypress/runner/cypress_runner.js:13212:23)\n    at Promise._settlePromiseFromHandler (http://lojaebac.ebaconline.art.br/__cypress/runner/cypress_runner.js:11147:31)\n    at Promise._settlePromise (http://lojaebac.ebaconline.art.br/__cypress/runner/cypress_runner.js:11204:18)\n    at Promise._settlePromise0 (http://lojaebac.ebaconline.art.br/__cypress/runner/cypress_runner.js:11249:10)\n    at Promise._settlePromises (http://lojaebac.ebaconline.art.br/__cypress/runner/cypress_runner.js:11329:18)\n    at Promise._fulfill (http://lojaebac.ebaconline.art.br/__cypress/runner/cypress_runner.js:11273:18)\n    at http://lojaebac.ebaconline.art.br/__cypress/runner/cypress_runner.js:12887:46\nFrom Your Spec Code:\n    at addProduct.productadd (http://lojaebac.ebaconline.art.br/__cypress/tests?p=cypress/integration/atualizarCarrinho.spec.js:318:57)\n    at Context.eval (http://lojaebac.ebaconline.art.br/__cypress/tests?p=cypress/integration/atualizarCarrinho.spec.js:223:23)",
                "diff": null
              },
              "uuid": "2bc6fd8c-f854-459d-b168-aede6442320f",
              "parentUUID": "0d63abd4-83f2-4487-8e05-d1f61a27563a",
              "isHook": false,
              "skipped": false
            }
          ],
          "suites": [],
          "passes": [],
          "failures": [
            "2bc6fd8c-f854-459d-b168-aede6442320f"
          ],
          "pending": [],
          "skipped": [],
          "duration": 10646,
          "root": false,
          "rootEmpty": false,
          "_timeout": 2000
        }
      ],
      "passes": [],
      "failures": [],
      "pending": [],
      "skipped": [],
      "duration": 0,
      "root": true,
      "rootEmpty": true,
      "_timeout": 2000
    }
  ],
  "meta": {
    "mocha": {
      "version": "7.0.1"
    },
    "mochawesome": {
      "options": {
        "quiet": false,
        "reportFilename": "mochawesome",
        "saveHtml": false,
        "saveJson": true,
        "consoleReporter": "spec",
        "useInlineDiffs": false,
        "code": true
      },
      "version": "7.1.3"
    },
    "marge": {
      "options": {
        "reportDir": "cypress/results",
        "overwrite": false,
        "html": false,
        "json": true
      },
      "version": "6.2.0"
    }
  }
}