{
  "stats": {
    "suites": 1,
    "tests": 1,
    "passes": 1,
    "pending": 0,
    "failures": 0,
    "start": "2023-06-25T14:14:50.338Z",
    "end": "2023-06-25T14:15:02.209Z",
    "duration": 11871,
    "testsRegistered": 1,
    "passPercent": 100,
    "pendingPercent": 0,
    "other": 0,
    "hasOther": false,
    "skipped": 0,
    "hasSkipped": false
  },
  "results": [
    {
      "uuid": "fde2f574-6b43-4b7d-8f4d-a30ce40d2cca",
      "title": "",
      "fullFile": "cypress/integration/exercicioModulo04.spec.js",
      "file": "cypress/integration/exercicioModulo04.spec.js",
      "beforeHooks": [],
      "afterHooks": [],
      "tests": [],
      "suites": [
        {
          "uuid": "22188355-5f34-4d03-be1a-f3c09cceda71",
          "title": "Product Search",
          "fullFile": "",
          "file": "",
          "beforeHooks": [],
          "afterHooks": [],
          "tests": [
            {
              "title": "Add product to cart",
              "fullTitle": "Product Search Add product to cart",
              "timedOut": null,
              "duration": 11727,
              "state": "passed",
              "speed": "slow",
              "pass": true,
              "fail": false,
              "pending": false,
              "context": null,
              "code": "//addProduct.productadd()\n_cartPage.default.productadd(); //cy.contains(\"Helena Hooded Fleece” foi adicionado no seu carrinho.)\n//cy.get('.woocommerce-message').contains('\"Helena Hooded Fleece” foi adicionado no seu carrinho.').wait(200)\n\ncy.get('.dropdown-toggle > .mini-cart-items').contains(1);",
              "err": {},
              "uuid": "e43b9de3-566f-4992-bd68-5af6016a045d",
              "parentUUID": "22188355-5f34-4d03-be1a-f3c09cceda71",
              "isHook": false,
              "skipped": false
            }
          ],
          "suites": [],
          "passes": [
            "e43b9de3-566f-4992-bd68-5af6016a045d"
          ],
          "failures": [],
          "pending": [],
          "skipped": [],
          "duration": 11727,
          "root": false,
          "rootEmpty": false,
          "_timeout": 2000
        }
      ],
      "passes": [],
      "failures": [],
      "pending": [],
      "skipped": [],
      "duration": 0,
      "root": true,
      "rootEmpty": true,
      "_timeout": 2000
    }
  ],
  "meta": {
    "mocha": {
      "version": "7.0.1"
    },
    "mochawesome": {
      "options": {
        "quiet": false,
        "reportFilename": "mochawesome",
        "saveHtml": false,
        "saveJson": true,
        "consoleReporter": "spec",
        "useInlineDiffs": false,
        "code": true
      },
      "version": "7.1.3"
    },
    "marge": {
      "options": {
        "reportDir": "cypress/results",
        "overwrite": false,
        "html": false,
        "json": true
      },
      "version": "6.2.0"
    }
  }
}